<?xml version="1.0" encoding="UTF-8"?>
<!-- Generated by org.testng.reporters.JUnitReportReporter -->
<testsuite hostname="DESKTOP-6DFJBSF" failures="0" tests="1" name="com.testcases.Addterrorist_testcases" time="10.481" errors="0" timestamp="2021-05-19T11:40:34 IST" skipped="0">
  <testcase classname="com.testcases.Addterrorist_testcases" name="addterrorist" time="10.481"/>
  <system-out/>
</testsuite> <!-- com.testcases.Addterrorist_testcases -->
